[
  {
    "level": "INFO",
    "message": "android.ndkVersion from module build.gradle is not set"
  },
  {
    "level": "INFO",
    "message": "ndk.dir in local.properties is not set"
  },
  {
    "level": "INFO",
    "message": "ANDROID_NDK_HOME environment variable is not set"
  },
  {
    "level": "INFO",
    "message": "sdkFolder is /Users/yanxianwei/Library/Android/sdk"
  },
  {
    "level": "INFO",
    "message": "NDK side-by-side folder from sdkFolder /Users/yanxianwei/Library/Android/sdk/ndk does not exist"
  },
  {
    "level": "INFO",
    "message": "Because no explicit NDK was requested, the default version \u002721.0.5935234\u0027 for this Android Gradle Plugin will be used"
  },
  {
    "level": "INFO",
    "message": "Considering /Users/yanxianwei/Library/Android/sdk/ndk-bundle in SDK ndk-bundle folder"
  },
  {
    "level": "INFO",
    "message": "Rejected /Users/yanxianwei/Library/Android/sdk/ndk-bundle in SDK ndk-bundle folder because that NDK had version 19.2.5345600 which didn\u0027t match the requested version 21.0.5935234"
  },
  {
    "level": "ERROR",
    "message": "No version of NDK matched the requested version 21.0.5935234. Versions available locally: 19.2.5345600"
  }
]